                                                          Cloudy 23.01
                                                         www.nublado.org

                                                  PRNG seed: 0x474eb45f919170b6

                       **************************************23Jul25**************************************
                       *                                                                                 *
                       * blackbody, T=1e5 K    # The continuum shape will be a blackbody of temperature 10^5 K*
                       * luminosity total 38    # The luminosity of the star in log erg s-1              *
                       * radius 18    # The log of the inner radius in cm                                *
                       * hden 5    # The log of Hydrogen density in cm-3                                 *
                       * sphere    # The geometry of the cloud is a sphere surrounding the emitter       *
                       * abundances PRIM    # The primordial chemical abundances are set                 *
                       * save overview ".ovr"    # Create an overview file for the simulation            *
                       * save continuum ".con" units microns    # Creatr a continnum information file for the simulation*
                       *                                                                                 *
                       ***********************************************************************************



 NOTE Setcon: continuum has zero intensity starting at  7.6982e+01 Ryd.
  2054 cells in the incident continuum have zero intensity.  Problems???

           9244CellPeak1.79E+00   Lo 3.04e-09=  29.98m   Hi-Con:7.13E+06 Ryd   E(hi):7.35E+06Ryd     E(hi):     100.00 MeV
           L(nu>1ryd):  37.9510   Average nu:2.176E+00   L( X-ray):  27.6774   L(BalC):  37.0172     Q(Balmer C):  47.8589
           Q(1.0-1.8):  47.9252   Q(1.8-4.0):  47.9690   Q(4.0-20):  47.0417   Q(20--):  37.0124     Ion pht flx:1.498E+11
           L(gam ray):   0.0000   Q(gam ray):   0.0000   L(Infred):  35.4329   Alf(ox):   0.0000     Total lumin:  38.0000
           log L/Lsun:   4.4170   Abs bol mg:  -6.3026   Abs V mag:   0.0378   Bol cor:  -6.3404     nuFnu(Bbet):  35.5356
           U(1.0----):4.998E-05   U(4.0----):2.922E-06   T(En-Den):1.369E+01   T(Comp):9.580E+04     nuJnu(912A):1.978E+00
           Occ(FarIR):7.298E-08   Occ(H n=6):7.837E-15   Occ(1Ryd):9.120E-17   Occ(4R):6.292E-19     Occ (Nu-hi):0.000E+00
           Tbr(FarIR):3.508E-11   Tbr(H n=6):3.432E-11   Tbr(1Ryd):1.439E-11   Tbr(4R):3.980E-13     Tbr (Nu-hi):0.000E+00
  
                                                  Gas Phase Chemical Composition
                                          H :  0.0000  He: -1.0845  Li: -9.7959  Be:-16.0000
 
 ####  1  Te:1.171E+04 Hden:1.000E+05 Ne:9.495E+04 R:1.000E+18 R-R0:9.403E+09 dR:1.881E+10 NTR: 15 Htot:3.555E-14 T912: 1.00e+08###
 Hydrogen      1.25e-01 8.75e-01 H+o/Hden 1.00e+00 8.30e-09 H-    H2 1.18e-12 5.24e-10 H2+ HeH+ 9.19e-09 Ho+ ColD 2.36e+14 1.64e+15
 Helium        9.28e-02 8.64e-01 4.29e-02 HeI 2s3S 3.84e-06 Comp H,C 3.25e-23 3.97e-24 Fill Fac 1.00e+00 Gam1/tot 9.97e-01
 He singlet n  9.28e-02 2.21e-10 1.04e-17 1.65e-17 7.86e-18 1.61e-17 He tripl 3.84e-06 5.23e-15 7.43e-17 2.85e-16 5.46e-17
 Pressure      NgasTgas 2.38e+09 P(total) 3.29e-07 P( gas ) 3.29e-07 P(Radtn) 0.00e+00 Rad accl 2.74e-05 ForceMul 3.62e+05
 Texc(La)      3.32e+03 T(I con) 1.37e+01 T(D con) 1.97e+00 T(U tot) 1.37e+01 nT (c+d) 3.78e+06 Prad/Gas 0.00e+00 Pmag/Gas 0.00e+00
 Lithium       1.41e-03 9.99e-01 5.66e-05 0.00e+00 Berylliu 5.46e-01 2.58e-01 1.96e-01 3.69e-07 0.00e+00 sec ion: 2.55e-13
 Carbon        0.00e+00 0.00e+00 0.00e+00 0.00e+00 0.00e+00 0.00e+00 0.00e+00 H2O+/O   0.00e+00 OH+/Otot 0.00e+00 Hex(tot) 0.00e+00
 Nitrogen      0.00e+00 0.00e+00 0.00e+00 0.00e+00 0.00e+00 0.00e+00 0.00e+00 0.00e+00 O2/Ototl 0.00e+00 O2+/Otot 0.00e+00
 ####458  Te:2.052E+03 Hden:1.000E+05 Ne:5.747E-02 R:4.257E+18 R-R0:3.257E+18 dR:4.434E+16 NTR: 89 Htot:7.918E-22 T912: 1.02e+08###
 Hydrogen      1.00e+00 5.75e-07 H+o/Hden 1.00e+00 5.48e-13 H-    H2 1.57e-07 3.04e-14 H2+ HeH+ 2.90e-16 Ho+ ColD 3.28e+23 1.20e+19
 Helium        1.00e+00 1.41e-22 0.00e+00 HeI 2s3S 3.54e-25 Comp H,C 3.13e-31 2.55e-32 Fill Fac 1.00e+00 Gam1/tot 1.00e+00
 He singlet n  1.00e+00 3.25e-31 4.40e-36 1.01e-37 2.61e-37 1.21e-37 He tripl 3.54e-25 2.68e-36 8.07e-38 4.68e-37 1.58e-37
 Pressure      NgasTgas 2.22e+08 P(total) 3.07e-08 P( gas ) 3.07e-08 P(Radtn) 4.11e-20 Rad accl 7.86e-08 ForceMul 1.18e+10
 Texc(La)      3.91e+03 T(I con) 3.77e+00 T(D con) 6.58e+00 T(U tot) 6.75e+00 nT (c+d) 2.50e+06 Prad/Gas 1.34e-12 Pmag/Gas 0.00e+00
 Lithium       7.78e-07 1.00e+00 0.00e+00 0.00e+00 Berylliu 2.75e-06 1.00e+00 5.37e-22 0.00e+00 0.00e+00 sec ion: 0.00e+00
 Carbon        0.00e+00 0.00e+00 0.00e+00 0.00e+00 0.00e+00 0.00e+00 0.00e+00 H2O+/O   0.00e+00 OH+/Otot 0.00e+00 Hex(tot) 0.00e+00
 Nitrogen      0.00e+00 0.00e+00 0.00e+00 0.00e+00 0.00e+00 0.00e+00 0.00e+00 0.00e+00 O2/Ototl 0.00e+00 O2+/Otot 0.00e+00
   
   Calculation stopped because lowest Te reached. Iteration 1 of 1
   The geometry is spherical.
 C-I must iterate when save continuum output is done.
 C-A temperature discontinuity occurred from 5.33e+03K (zone 457) to 2.05e+03K (zone 458).
 C-The temperature varied by 159.8% between two zones
 C-The electron density varied by 148.7% between two zones
  !Ionization rate fell below background cosmic ray ionization rate.  Should this be added too?
  !   Use the COSMIC RAY BACKGROUND command.
  !Suprathermal collisional ionization of H reached 86.17% of the local H ionization rate.
  !H2 vib deexec heating reached 99.78% of the local heating.
  !Charge transfer H => H+ reached 35.2% of the local H ionization rate.
  !Charge transfer heating reached 11.44% of the local heating.
  !Destruction of He 2TriS reached 50.0% of the total He0 dest rate at zone 458, 50.0% of that was photoionization.
  !Continuum zero at some energies.
  !AGE: Cloud age was not set.  Longest timescale was 1.46e+14 s = 4.61e+06 years.
  !The excitation temp of Lya exceeded the electron temp, largest value was 3.91e+03K (gas temp there was 2.05e+03K, zone 458)
  !Mutual neutralization production of H-alpha was significant.
  !The local H2 cooling rate reached 98.5% of the local cooling.
  !The CMB was not included.  This is added with the CMB command.
  !The optical depth in the H I 21 cm line is 2.08e+00
   Thermal collisional ionization of H reached 8.76% of the local ionization rate.
   The density is too low to l-mix the lowest H  I collapsed level.  More resolved levels are needed for accurate line ratios.
   The density is too low to l-mix the lowest He I collapsed level.  More resolved levels are needed for accurate line ratios.
   Grains were not present but might survive in this environment (energy density temperature was 1.37e+01K)
   The continuum optical depth at the lowest energy considered (3.045e-09 Ryd) was 8.946e+02.
   The optical depth to Rayleigh scattering at 1300A is 2.20e+00

                       *********************************> Cloudy 23.01 <**********************************
                       * blackbody, T=1e5 K    # The continuum shape will be a blackbody of temperature 10^5 K*
                       * luminosity total 38    # The luminosity of the star in log erg s-1              *
                       * radius 18    # The log of the inner radius in cm                                *
                       * hden 5    # The log of Hydrogen density in cm-3                                 *
                       * sphere    # The geometry of the cloud is a sphere surrounding the emitter       *
                       * abundances PRIM    # The primordial chemical abundances are set                 *
                       * save overview ".ovr"    # Create an overview file for the simulation            *
                       * save continuum ".con" units microns    # Creatr a continnum information file for the simulation*
                       *********************************> Log(U): -4.30 <*********************************
                       >>>>>>>>>> Cautions are present.
                       >>>>>>>>>> Another iteration is needed.  Use the ITERATE command.

                     Emission Line Spectrum.   Constant  Density Model.  Closed geometry.  Iteration 1 of 1.
                                    Luminosity (erg/s) emitted by a shell with full coverage.


                                                   Intrinsic line intensities
general properties.............................      Ca A                1215.67A   37.350   21.5804      Ca A                228.356A   33.125    0.0013
Inci                      0    38.000   96.4054      Ca A                1025.72A   36.641    4.2193      Ca A                228.309A   33.084    0.0012
TotH                      0    37.655   43.6009      Ca A                972.537A   36.232    1.6429      Ca A                228.269A   33.048    0.0011
TotC                      0    37.655   43.5625      Ca A                949.743A   35.928    0.8160      Ca A                228.234A   33.018    0.0010
BFH1                      0    37.552   34.3407      Ca A                937.803A   35.685    0.4670      Ca A                1640.41A   35.339    0.2102
BFHe                      0    36.895    7.5679      Ca A                930.748A   35.484    0.2940      Ca A                1215.13A   34.823    0.0642
CT H                      0    35.260    0.1755      Ca A                926.226A   35.315    0.1990      Ca A                1084.94A   34.474    0.0287
H FB                      0    36.308    1.9611      Ca A                923.150A   35.171    0.1429      Ca A                1025.27A   34.210    0.0156
HFBc                      0    36.308    1.9611      Ca A                920.963A   35.049    0.1080      Ca A                992.358A   33.996    0.0096
H  1c                     0    37.599   38.2628      Ca A                919.351A   34.947    0.0853      Ca A                972.106A   33.817    0.0063
He 1c                     0    35.922    0.8055      Ca A                918.129A   34.860    0.0698      Ca A                958.693A   33.662    0.0044
continua.......................................      Ca A                917.181A   34.785    0.0587      Ca A                949.323A   33.525    0.0032
Bac                 3646.00A   37.108   12.3651      Ca A                916.429A   34.720    0.0506      Ca A                942.507A   33.402    0.0024
nFnu                3645.00A   37.207   15.5310      Ca A                915.824A   34.666    0.0447      Ca A                937.389A   33.291    0.0019
nFnu                3647.00A   36.516    3.1659      Ca A                915.329A   34.621    0.0403      Ca A                933.444A   33.189    0.0015
cout                3646.00A   37.108   12.3651      Ca A                914.919A   34.583    0.0369      Ca A                930.337A   33.095    0.0012
thin                3646.00A   37.108   12.3680      Ca A                914.576A   34.550    0.0342      Ca A                4685.68A   34.618    0.0400
Inci                4860.00A   35.536    0.3310      Ca A                914.286A   34.520    0.0319      Ca A                3203.08A   34.234    0.0165
Inci                1367.00A   37.006    9.7790      Ca A                914.039A   34.490    0.0298      Ca A                2733.28A   33.946    0.0085
Inci                2066.00A   36.556    3.4716      Ca A                913.826A   34.461    0.0279      Ca A                2511.19A   33.718    0.0050
Inci                1215.00A   37.125   12.8706      Ca A                913.641A   34.431    0.0260      Ca A                2385.39A   33.529    0.0033
Ba C                      0    36.478    2.9000      Ca A                913.480A   34.401    0.0243      Ca A                2306.18A   33.366    0.0022
PA C                      0    36.058    1.1011      Ca A                913.339A   34.370    0.0226      Ca A                2252.67A   33.224    0.0016
FIR                 83.0000m   34.904    0.0772      Ca A                6562.80A   36.196    1.5140      Ca A                2214.65A   33.097    0.0012
TIR                 1800.00m   33.933    0.0083      Ca A                4861.32A   35.758    0.5519      Ca A                1.01235m   34.062    0.0111
NIRa                2.85000m   36.714    4.9879      Ca A                4340.46A   35.437    0.2636      Ca A                6560.01A   33.764    0.0056
NIRb                3.00000m   36.542    3.3573      Ca A                4101.73A   35.184    0.1474      Ca A                5411.45A   33.522    0.0032
MIRa                15.0000m   35.645    0.4259      Ca A                3970.07A   34.976    0.0913      Ca A                4859.26A   33.323    0.0020
MIRb                22.5000m   35.688    0.4705      Ca A                3889.05A   34.798    0.0606      Ca A                4541.54A   33.154    0.0014
NMIR                21.7500m   36.714    4.9879      Ca A                3835.38A   34.642    0.0423      Ca A                1.86365m   33.600    0.0038
TFIR                611.250m   34.476    0.0289      Ca A                3797.90A   34.504    0.0308      Ca A                1.16262m   33.364    0.0022
TALL                10000.0A   38.040  105.7353      Ca A                3770.63A   34.381    0.0232      Ca A                9344.80A   33.159    0.0014
F12                 12.0000m   35.147    0.1353      Ca A                3750.15A   34.270    0.0180      Ca A                3.09080m   33.203    0.0015
F25                 25.0000m   34.770    0.0568      Ca A                3734.37A   34.171    0.0143      Ca B                1640.41A   35.477    0.2894
F60                 60.0000m   34.604    0.0388      Ca A                3721.94A   34.084    0.0117      Ca B                1215.13A   34.970    0.0899
F100                100.000m   34.118    0.0127      Ca A                3711.97A   34.005    0.0098      Ca B                1084.94A   34.622    0.0403
MIPS                24.0000m   34.446    0.0269      Ca A                3703.85A   33.935    0.0083      Ca B                1025.27A   34.357    0.0220
MIPS                70.0000m   34.116    0.0126      Ca A                3697.15A   33.872    0.0072      Ca B                992.358A   34.144    0.0134
MIPS                160.000m   33.722    0.0051      Ca A                3691.55A   33.815    0.0063      Ca B                972.106A   33.963    0.0089
IRAC                3.60000m   35.172    0.1432      Ca A                3686.83A   33.764    0.0056      Ca B                958.693A   33.807    0.0062
IRAC                4.50000m   35.295    0.1902      Ca A                3682.81A   33.716    0.0050      Ca B                949.323A   33.670    0.0045
IRAC                5.80000m   35.028    0.1028      Ca A                3679.35A   33.671    0.0045      Ca B                942.507A   33.546    0.0034
IRAC                8.00000m   35.143    0.1339      Ca A                3676.36A   33.628    0.0041      Ca B                937.389A   33.435    0.0026
SPR1                250.000m   33.705    0.0049      Ca A                3673.76A   33.587    0.0037      Ca B                933.444A   33.333    0.0021
SPR2                350.000m   33.590    0.0038      Ca A                3671.48A   33.548    0.0034      Ca B                930.337A   33.239    0.0017
SPR3                500.000m   33.535    0.0033      Ca A                1.87510m   35.387    0.2350      Ca B                927.846A   33.152    0.0014
PAC1                70.0000m   34.174    0.0144      Ca A                1.28181m   35.075    0.1147      Ca B                925.816A   33.072    0.0011
PAC2                100.000m   34.118    0.0127      Ca A                1.09381m   34.820    0.0637      Ca B                4685.68A   34.650    0.0431
PAC3                160.000m   34.004    0.0097      Ca A                1.00494m   34.608    0.0391      Ca B                3203.08A   34.274    0.0181
PAH                 3.30000m   34.399    0.0242      Ca A                9545.97A   34.428    0.0258      Ca B                2733.28A   33.991    0.0095
PAHC                3.23000m   34.016    0.0100      Ca A                9229.02A   34.269    0.0179      Ca B                2511.19A   33.766    0.0056
PAHC                3.37000m   33.941    0.0084      Ca A                9014.91A   34.129    0.0130      Ca B                2385.39A   33.578    0.0037
PAH                 6.20000m   34.526    0.0323      Ca A                8862.79A   34.002    0.0097      Ca B                2306.18A   33.417    0.0025
PAHC                5.65000m   34.564    0.0353      Ca A                8750.48A   33.887    0.0074      Ca B                2252.67A   33.276    0.0018
PAH                 7.90000m   34.803    0.0612      Ca A                8665.02A   33.782    0.0058      Ca B                2214.65A   33.149    0.0014
PAHC                6.90000m   34.707    0.0491      Ca A                8598.40A   33.686    0.0047      Ca B                2186.59A   33.035    0.0010
PAH                 11.3000m   33.999    0.0096      Ca A                8545.39A   33.599    0.0038      Ca B                1.01235m   34.078    0.0115
PAHC                10.9000m   33.944    0.0085      Ca A                8502.49A   33.518    0.0032      Ca B                6560.01A   33.783    0.0058
PAH                 11.8000m   34.083    0.0117      Ca A                8467.26A   33.445    0.0027      Ca B                5411.45A   33.544    0.0034
PAHC                12.6500m   34.279    0.0183      Ca A                8437.96A   33.377    0.0023      Ca B                4859.26A   33.346    0.0021
PAH                 13.3000m   34.064    0.0112      Ca A                8413.32A   33.315    0.0020      Ca B                4541.54A   33.178    0.0015
PAHC                14.1000m   34.028    0.0103      Ca A                8392.40A   33.257    0.0017      Ca B                4338.62A   33.032    0.0010
Bcon                3640.00A   37.983   92.6106      Ca A                8374.48A   33.204    0.0015      Ca B                1.86365m   33.613    0.0040
Pcon                5000.00A   36.956    8.7072      Ca A                8359.01A   33.154    0.0014      Ca B                1.16262m   33.377    0.0023
O3bn                5007.00A   35.049    0.1080      Ca A                8345.56A   33.106    0.0012      Ca B                9344.80A   33.172    0.0014
HFFc                      0    36.226    1.6240      Ca A                8333.79A   33.061    0.0011      Ca B                3.09080m   33.215    0.0016
H FF                      0    36.163    1.4023      Ca A                4.05115m   34.774    0.0572      Ca B                1.87431m   33.024    0.0010
HeFF                      0    35.235    0.1657      Ca A                2.62515m   34.537    0.0332      He 2                607.567A   35.951    0.8616
ToFF                      0    36.211    1.5680      Ca A                2.16553m   34.327    0.0205      He 2                303.784A   35.822    0.6392
nFnu                122.400m   34.460    0.0278      Ca A                1.94456m   34.145    0.0135      He 2                256.317A   33.779    0.0058
nFnu                60.8322m   34.707    0.0491      Ca A                1.81741m   33.986    0.0093      He 2                243.027A   33.662    0.0044
nFnu                41.2152m   34.853    0.0687      Ca A                1.73621m   33.844    0.0067      He 2                237.331A   33.594    0.0038
nFnu                30.8695m   34.957    0.0873      Ca A                1.68065m   33.715    0.0050      He 2                234.347A   33.549    0.0034
nFnu                24.7829m   35.037    0.1049      Ca A                1.64072m   33.598    0.0038      He 2                232.584A   33.500    0.0030
nFnu                24.2998m   35.044    0.1066      Ca A                1.61093m   33.490    0.0030      He 2                231.454A   33.464    0.0028
nFnu                22.8302m   35.067    0.1124      Ca A                1.58805m   33.390    0.0024      He 2                230.686A   33.435    0.0026
nFnu                21.4199m   35.089    0.1182      Ca A                1.57007m   33.298    0.0019      He 2                230.139A   33.410    0.0025
nFnu                21.1235m   35.094    0.1198      Ca A                1.55565m   33.213    0.0016      He 2                229.736A   33.346    0.0021
nFnu                19.6199m   35.122    0.1277      Ca A                1.54389m   33.133    0.0013      He 2                229.431A   33.338    0.0021
nFnu                17.6534m   35.161    0.1396      Ca A                1.53418m   33.059    0.0011      He 2                229.194A   33.329    0.0021
nFnu                17.3700m   35.166    0.1414      Ca A                7.45782m   34.273    0.0181      He 2                229.006A   33.322    0.0020
nFnu                15.6901m   35.202    0.1535      Ca A                4.65251m   34.087    0.0118      He 2                228.855A   33.316    0.0020
nFnu                14.6036m   35.230    0.1636      Ca A                3.73954m   33.911    0.0078      He 2                228.731A   33.309    0.0020
nFnu                12.4300m   35.291    0.1882      Ca A                3.29609m   33.752    0.0054      He 2                228.629A   33.303    0.0019
nFnu                11.4000m   35.320    0.2014      Ca A                3.03837m   33.610    0.0039      He 2                228.543A   33.298    0.0019
nFnu                10.4600m   35.355    0.2185      Ca A                2.87221m   33.481    0.0029      He 2                228.471A   33.294    0.0019
nFnu                9.48002m   35.387    0.2353      Ca A                2.75752m   33.363    0.0022      He 2                228.409A   33.292    0.0019
nFnu                9.32488m   35.393    0.2383      Ca A                2.67440m   33.253    0.0017      He 2                228.356A   33.295    0.0019
nFnu                8.21035m   35.443    0.2675      Ca A                2.61194m   33.152    0.0014      He 2                1640.41A   35.447    0.2701
nFnu                7.58000m   35.469    0.2839      Ca A                2.56363m   33.057    0.0011      He 2                1215.13A   34.976    0.0911
nFnu                7.05026m   35.505    0.3081      Ca A                12.3685m   33.850    0.0068      He 2                1084.94A   34.640    0.0421
nFnu                4.11370m   35.712    0.4967      Ca A                7.50045m   33.700    0.0048      He 2                1025.27A   34.382    0.0233
nFnu                2.32440m   35.896    0.7581      Ca A                5.90660m   33.549    0.0034      He 2                992.358A   34.174    0.0144
nInu                2.32440m   33.545    0.0034      Ca A                5.12726m   33.409    0.0025      He 2                972.106A   33.998    0.0096
nFnu                1.64313m   36.033    1.0401      Ca A                4.67124m   33.281    0.0018      He 2                958.693A   33.848    0.0068
nInu                1.64313m   33.991    0.0094      Ca A                4.37526m   33.162    0.0014      He 2                949.323A   33.715    0.0050
nFnu                1.48022m   36.048    1.0762      Ca A                4.16966m   33.053    0.0011      He 2                942.507A   33.840    0.0067
nInu                1.48022m   34.124    0.0128      Ca A                19.0567m   33.484    0.0029      He 2                937.389A   33.745    0.0054
nFnu                1.43649m   36.201    1.5326      Ca A                11.3056m   33.361    0.0022      He 2                933.444A   33.658    0.0044
nInu                1.43649m   34.162    0.0140      Ca A                8.75768m   33.228    0.0016      He 2                930.337A   33.578    0.0036
nFnu                1.11867m   36.230    1.6372      Ca A                7.50606m   33.103    0.0012      He 2                927.846A   33.504    0.0031
nInu                1.11867m   34.482    0.0292      Ca A                27.7958m   33.160    0.0014      He 2                925.816A   33.434    0.0026
nFnu                8329.68A   36.243    1.6851      Ca A                16.2047m   33.058    0.0011      He 2                924.142A   33.370    0.0023
nInu                8329.68A   34.858    0.0695      Ca B                6562.80A   36.390    2.3689      He 2                922.743A   33.311    0.0020
nFnu                8078.61A   36.557    3.4791      Ca B                4861.32A   35.941    0.8411      He 2                921.562A   33.257    0.0017
nInu                8078.61A   34.896    0.0759      Ca B                4340.46A   35.613    0.3958      He 2                920.556A   33.209    0.0016
nFnu                6209.66A   36.527    3.2470      Ca B                4101.73A   35.357    0.2193      He 2                919.693A   33.168    0.0014
nInu                6209.66A   35.227    0.1626      Ca B                3970.07A   35.146    0.1349      He 2                4685.68A   34.563    0.0353
nFnu                4885.36A   36.487    2.9612      Ca B                3889.05A   34.967    0.0893      He 2                3203.08A   34.241    0.0168
nInu                4885.36A   35.525    0.3233      Ca B                3835.38A   34.812    0.0625      He 2                2733.28A   33.978    0.0092
nFnu                3704.34A   36.480    2.9105      Ca B                3797.90A   34.676    0.0457      He 2                2511.19A   33.763    0.0056
nInu                3704.34A   35.864    0.7054      Ca B                3770.63A   34.556    0.0346      He 2                2385.39A   33.582    0.0037
nFnu                3587.67A   37.198   15.2132      Ca B                3750.15A   34.449    0.0271      He 2                2306.18A   33.426    0.0026
nInu                3587.67A   35.901    0.7670      Ca B                3734.37A   34.353    0.0217      He 2                2252.67A   33.289    0.0019
nFnu                2430.05A   36.957    8.7227      Ca B                3721.94A   34.267    0.0178      He 2                2214.65A   33.325    0.0020
nInu                2430.05A   36.364    2.2281      Ca B                3711.97A   34.189    0.0149      He 2                2186.59A   33.231    0.0016
nFnu                2392.03A   36.949    8.5783      Ca B                3703.85A   34.117    0.0126      He 2                2165.23A   33.144    0.0013
nInu                2392.03A   36.383    2.3296      Ca B                3697.15A   34.051    0.0108      He 2                2148.58A   33.064    0.0011
nFnu                2071.34A   36.923    8.0763      Ca B                3691.55A   33.990    0.0094      He 2                1.01235m   33.948    0.0085
nInu                2071.34A   36.548    3.4018      Ca B                3686.83A   33.933    0.0083      He 2                6560.01A   33.710    0.0049
nFnu                2052.68A   36.929    8.1882      Ca B                3682.81A   33.879    0.0073      He 2                5411.45A   33.496    0.0030
nInu                2052.68A   36.559    3.4918      Ca B                3679.35A   33.828    0.0065      He 2                4859.26A   33.312    0.0020
nFnu                1793.44A   36.965    8.8973      Ca B                3676.36A   33.778    0.0058      He 2                4541.54A   33.153    0.0014
nInu                1793.44A   36.708    4.9242      Ca B                3673.76A   33.731    0.0052      He 2                1.86365m   33.446    0.0027
nFnu                1585.12A   37.006    9.7689      Ca B                3671.48A   33.685    0.0047      He 2                1.16262m   33.268    0.0018
nInu                1585.12A   36.846    6.7693      Ca B                1.87510m   35.446    0.2689      He 2                9344.80A   33.092    0.0012
nFnu                1458.33A   37.021   10.1216      Ca B                1.28181m   35.141    0.1333      He 2                3.09080m   33.018    0.0010
nInu                1458.33A   36.935    8.3037      Ca B                1.09381m   34.888    0.0745      He-like iso-sequence...........................
nFnu                1356.96A   37.003    9.7097      Ca B                1.00494m   34.678    0.0459      He 1                1202.81A   36.696    4.7868
nInu                1356.96A   37.008    9.8241      Ca B                9545.97A   34.499    0.0304      He 1                584.334A   35.463    0.2798
nFnu                1297.29A   36.939    8.3855      Ca B                9229.02A   34.342    0.0212      He 1                537.030A   34.241    0.0168
nInu                1297.29A   37.056   10.9683      Ca B                9014.91A   34.204    0.0154      He 1                522.213A   34.078    0.0115
nFnu                1262.79A   36.847    6.7781      Ca B                8862.79A   34.081    0.0116      He 1                515.617A   33.984    0.0093
nInu                1262.79A   37.083   11.6725      Ca B                8750.48A   33.970    0.0090      He 1                512.099A   33.910    0.0078
nFnu                1218.08A   36.562    3.5161      Ca B                8665.02A   33.871    0.0072      He 1                625.563A   35.498    0.3033
nInu                1218.08A   37.120   12.7037      Ca B                8598.40A   33.781    0.0058      He 1                510.018A   33.805    0.0062
nFnu                1196.33A   36.575    3.6250      Ca B                8545.39A   33.700    0.0048      He 1                508.657A   33.780    0.0058
nInu                1196.33A   37.136   13.1973      Ca B                8502.49A   33.626    0.0041      He 1                507.727A   33.757    0.0055
nFnu                1175.06A   36.589    3.7379      Ca B                8467.26A   33.557    0.0035      He 1                507.065A   33.735    0.0052
nInu                1175.06A   37.153   13.7069      Ca B                8437.96A   33.494    0.0030      He 1                506.576A   33.715    0.0050
nFnu                1143.64A   36.613    3.9505      Ca B                8413.32A   33.434    0.0026      He 1                506.204A   33.693    0.0048
nInu                1143.64A   37.182   14.6656      Ca B                8392.40A   33.378    0.0023      He 1                505.916A   33.670    0.0045
nFnu                1113.22A   36.634    4.1487      Ca B                8374.48A   33.325    0.0020      He 1                505.687A   33.646    0.0043
nInu                1113.22A   37.208   15.5636      Ca B                8359.01A   33.274    0.0018      He 1                505.502A   33.622    0.0040
nFnu                1103.23A   36.639    4.1995      Ca B                8345.56A   33.225    0.0016      He 1                505.352A   33.598    0.0038
nInu                1103.23A   37.214   15.7950      Ca B                8333.79A   33.178    0.0015      He 1                505.227A   33.573    0.0036
nFnu                1073.86A   36.660    4.4074      Ca B                4.05115m   34.808    0.0619      He 1                505.122A   33.549    0.0034
nInu                1073.86A   37.240   16.7485      Ca B                2.62515m   34.574    0.0361      He 1                505.033A   33.526    0.0032
nFnu                1064.34A   36.668    4.4871      Ca B                2.16553m   34.366    0.0224      He 1                504.958A   33.436    0.0026
nInu                1064.34A   37.249   17.1177      Ca B                1.94456m   34.186    0.0148      He 1                504.893A   33.433    0.0026
nFnu                1035.92A   36.688    4.7036      Ca B                1.81741m   34.028    0.0103      He 1                504.836A   33.450    0.0027
nInu                1035.92A   37.274   18.1341      Ca B                1.73621m   33.888    0.0075      He 1                504.787A   33.396    0.0024
nFnu                1000.00A   36.716    5.0086      Ca B                1.68065m   33.762    0.0056      He 1                504.744A   33.452    0.0027
nInu                1000.00A   37.308   19.6081      Ca B                1.64072m   33.649    0.0043      He 1                504.706A   33.605    0.0039
nFnu                925.144A   36.768    5.6527      Ca B                1.61093m   33.545    0.0034      He 1                504.672A   34.141    0.0133
nInu                925.144A   37.377   22.9826      Ca B                1.58805m   33.452    0.0027      He 1                1.08291m   34.670    0.0451
RRC............................................      Ca B                1.57007m   33.366    0.0022      He 1                1.08303m   35.414    0.2501
H  1                911.753A   37.178   14.5316      Ca B                1.55565m   33.288    0.0019      He 1                1.08303m   35.800    0.6086
H  1                3645.98A   36.069    1.1302      Ca B                1.54389m   33.215    0.0016      Blnd                1.08302m   35.972    0.9037
H  1                3645.98A   36.407    2.4626      Ca B                1.53418m   33.148    0.0014      He 1                3888.64A   35.128    0.1294
H  1                8203.57A   35.340    0.2109      Ca B                1.52605m   33.085    0.0012      He 1                3187.74A   34.687    0.0469
H  1                8203.57A   35.725    0.5121      Ca B                1.51919m   33.026    0.0010      He 1                2945.10A   34.351    0.0216
H  1                8203.57A   35.611    0.3934      Ca B                7.45782m   34.301    0.0193      He 1                2829.08A   34.079    0.0116
H  1                1.45842m   34.858    0.0696      Ca B                4.65251m   34.115    0.0126      He 1                2760.44A   33.481    0.0029
H  1                1.45842m   35.250    0.1714      Ca B                3.73954m   33.940    0.0084      He 1                2721.00A   33.330    0.0021
H  1                1.45842m   35.242    0.1681      Ca B                3.29609m   33.783    0.0058      He 1                2694.61A   33.194    0.0015
H  1                1.45842m   34.889    0.0746      Ca B                3.03837m   33.642    0.0042      He 1                2676.05A   33.071    0.0011
H  1                2.27878m   34.505    0.0308      Ca B                2.87221m   33.515    0.0032      He 1                2.05813m   34.380    0.0231
H  1                2.27878m   34.896    0.0758      Ca B                2.75752m   33.399    0.0024      He 1                5015.68A   34.435    0.0263
H  1                2.27878m   34.919    0.0800      Ca B                2.67440m   33.294    0.0019      He 1                3964.73A   34.025    0.0102
H  1                2.27878m   34.712    0.0497      Ca B                2.61194m   33.197    0.0015      He 1                3613.64A   33.710    0.0049
H  1                2.27878m   34.207    0.0155      Ca B                2.56363m   33.108    0.0012      He 1                3447.59A   33.440    0.0027
H  1                3.28145m   34.228    0.0163      Ca B                2.52540m   33.026    0.0010      He 1                7065.71A   33.797    0.0060
H  1                3.28145m   34.617    0.0399      Ca B                12.3685m   33.877    0.0073      He 1                7065.22A   34.274    0.0181
H  1                3.28145m   34.652    0.0433      Ca B                7.50045m   33.726    0.0051      He 1                7065.18A   34.496    0.0302
H  1                3.28145m   34.498    0.0304      Ca B                5.90660m   33.574    0.0036      Blnd                7065.25A   34.751    0.0544
H  1                3.28145m   34.165    0.0141      Ca B                5.12726m   33.435    0.0026      He 1                5875.98A   34.175    0.0144
H  1                3.28145m   33.559    0.0035      Ca B                4.67124m   33.309    0.0020      He 1                5875.64A   34.652    0.0433
H  1                4.46642m   34.000    0.0096      Ca B                4.37526m   33.192    0.0015      He 1                5875.61A   34.874    0.0721
H  1                4.46642m   34.388    0.0235      Ca B                4.16966m   33.085    0.0012      Blnd                5875.66A   35.129    0.1298
H  1                4.46642m   34.428    0.0258      Ca B                19.0567m   33.510    0.0031      He 1                4713.16A   33.359    0.0022
H  1                4.46642m   34.299    0.0192      Ca B                11.3056m   33.385    0.0023      He 1                4713.14A   33.581    0.0037
H  1                4.46642m   34.036    0.0105      Ca B                8.75768m   33.253    0.0017      Blnd                4713.17A   33.836    0.0066
H  1                4.46642m   33.622    0.0040      Ca B                7.50606m   33.129    0.0013      He 1                4471.69A   33.705    0.0049
H  1                5.83369m   33.808    0.0062      Ca B                27.7958m   33.188    0.0015      He 1                4471.49A   34.183    0.0147
H  1                5.83369m   34.194    0.0151      Ca B                16.2047m   33.083    0.0012      He 1                4471.47A   34.404    0.0245
H  1                5.83369m   34.236    0.0166      H  1                2431.34A   36.761    5.5602      Blnd                4471.50A   34.660    0.0440
H  1                5.83369m   34.121    0.0127      H  1                1215.67A   37.855   69.0761      He 1                4120.81A   33.123    0.0013
H  1                5.83369m   33.893    0.0075      H  1                1025.72A   34.130    0.0130      Blnd                4120.84A   33.378    0.0023
H  1                5.83369m   33.562    0.0035      H  1                972.537A   34.010    0.0099      He 1                4026.36A   33.378    0.0023
H  1                5.83369m   33.093    0.0012      H  1                949.743A   33.955    0.0087      He 1                4026.20A   33.855    0.0069
H  1                7.38326m   33.641    0.0042      H  1                937.803A   33.897    0.0076      He 1                4026.19A   34.077    0.0115
H  1                7.38326m   34.026    0.0102      H  1                930.748A   33.865    0.0071      Blnd                4026.21A   34.332    0.0207
H  1                7.38326m   34.069    0.0113      H  1                926.226A   33.836    0.0066      He 1                3819.76A   33.109    0.0012
H  1                7.38326m   33.961    0.0088      H  1                923.150A   33.808    0.0062      He 1                3819.61A   33.586    0.0037
H  1                7.38326m   33.754    0.0055      H  1                920.963A   33.781    0.0058      He 1                3819.60A   33.808    0.0062
H  1                7.38326m   33.467    0.0028      H  1                919.351A   33.740    0.0053      Blnd                3819.62A   34.063    0.0112
H  1                7.38326m   33.092    0.0012      H  1                918.129A   33.723    0.0051      He 1                3704.90A   33.161    0.0014
H  1                9.11514m   33.494    0.0030      H  1                917.181A   33.707    0.0049      He 1                3704.76A   33.638    0.0042
H  1                9.11514m   33.878    0.0073      H  1                916.429A   33.693    0.0048      He 1                3704.75A   33.860    0.0070
H  1                9.11514m   33.922    0.0081      H  1                915.824A   33.680    0.0046      Blnd                3704.77A   34.115    0.0126
H  1                9.11514m   33.818    0.0063      H  1                915.329A   33.669    0.0045      He 1                3634.08A   33.472    0.0029
H  1                9.11514m   33.623    0.0040      H  1                914.919A   33.660    0.0044      He 1                3634.07A   33.694    0.0048
H  1                9.11514m   33.363    0.0022      H  1                914.576A   33.651    0.0043      Blnd                3634.09A   33.950    0.0086
H  1                9.11514m   33.040    0.0011      H  1                914.286A   33.645    0.0043      He 1                3587.16A   33.327    0.0020
H  1                11.0293m   34.406    0.0245      H  1                914.039A   33.642    0.0042      He 1                3587.15A   33.549    0.0034
H  1                13.1258m   34.293    0.0189      H  1                913.826A   33.644    0.0042      Blnd                3587.17A   33.805    0.0061
H  1                15.4046m   34.190    0.0149      H  1                6562.80A   36.481    2.9200      He 1                3554.34A   33.198    0.0015
H  1                17.8657m   34.094    0.0120      H  1                4861.32A   36.016    1.0000      He 1                3554.33A   33.420    0.0025
H  1                20.5091m   34.005    0.0097      H  1                4340.46A   35.688    0.4699      Blnd                3554.35A   33.675    0.0046
H  1                23.3348m   33.921    0.0080      H  1                4101.73A   35.410    0.2476      He 1                3530.44A   33.079    0.0012
H  1                26.3428m   33.842    0.0067      H  1                3970.07A   35.197    0.1519      He 1                3530.43A   33.301    0.0019
H  1                29.5331m   33.768    0.0057      H  1                3889.05A   35.016    0.1001      Blnd                3530.44A   33.556    0.0035
H  1                32.9057m   33.698    0.0048      H  1                3835.38A   34.859    0.0697      He 1                3512.46A   33.194    0.0015
H  1                36.4606m   33.632    0.0041      H  1                3797.90A   34.721    0.0507      Blnd                3512.48A   33.449    0.0027
H  1                40.1978m   33.568    0.0036      H  1                3770.63A   34.659    0.0440      He 1                3498.60A   33.095    0.0012
H  1                44.1173m   33.508    0.0031      H  1                3750.15A   34.553    0.0344      Blnd                3498.62A   33.350    0.0022
H  1                48.2191m   33.450    0.0027      H  1                3734.37A   34.455    0.0275      Blnd                3487.70A   33.258    0.0017
H  1                52.5033m   33.395    0.0024      H  1                3721.94A   34.366    0.0224      Blnd                3478.95A   33.173    0.0014
H  1                56.9697m   34.562    0.0351      H  1                3711.97A   34.282    0.0185      Blnd                3471.81A   33.094    0.0012
He 2                227.838A   36.091    1.1895      H  1                3703.85A   34.205    0.0155      Blnd                3465.92A   33.019    0.0010
He 2                911.351A   34.594    0.0378      H  1                3697.15A   34.134    0.0131      He 1                3439.98A   33.137    0.0013
He 2                911.351A   35.004    0.0974      H  1                3691.55A   34.068    0.0113      Blnd                3440.00A   33.392    0.0024
He 2                2049.91A   34.056    0.0110      H  1                3686.83A   34.007    0.0098      He 1                7281.35A   33.987    0.0094
He 2                2049.91A   34.520    0.0319      H  1                3682.81A   33.952    0.0086      He 1                6678.15A   34.521    0.0320
He 2                2049.91A   34.524    0.0322      H  1                3679.35A   33.906    0.0078      He 1                5047.74A   33.331    0.0021
He 2                3644.44A   33.516    0.0032      H  1                1.87510m   35.447    0.2701      He 1                4921.93A   34.075    0.0115
He 2                3644.44A   33.990    0.0094      H  1                1.28181m   35.160    0.1394      He 1                4387.93A   33.752    0.0054
He 2                3644.44A   34.109    0.0124      H  1                1.09381m   34.901    0.0767      He 1                4143.76A   33.486    0.0030
He 2                3644.44A   33.892    0.0075      H  1                1.00494m   34.693    0.0475      He 1                4009.05A   33.478    0.0029
He 2                5694.49A   33.114    0.0013      H  1                9545.97A   34.514    0.0315      He 1                3926.41A   33.311    0.0020
He 2                5694.49A   33.588    0.0037      H  1                9229.02A   34.358    0.0220      He 1                3871.69A   33.164    0.0014
He 2                5694.49A   33.744    0.0053      H  1                9014.91A   34.219    0.0160      He 1                3833.48A   33.034    0.0010
He 2                5694.49A   33.681    0.0046      H  1                8862.79A   34.144    0.0134      He 1                4.29471m   33.242    0.0017
He 2                5694.49A   33.304    0.0019      H  1                8750.48A   34.038    0.0105      He 1                1.25275m   33.235    0.0017
He 2                8200.12A   33.270    0.0018      H  1                8665.02A   33.941    0.0084      He 1                9463.58A   33.116    0.0013
He 2                8200.12A   33.441    0.0027      H  1                8598.40A   33.851    0.0068      He 1                2.11202m   33.020    0.0010
He 2                8200.12A   33.437    0.0026      H  1                8545.39A   33.768    0.0057      He 1                1.70025m   33.509    0.0031
He 2                8200.12A   33.239    0.0017      H  1                8502.49A   33.691    0.0047      He 1                1.19691m   33.336    0.0021
He 2                1.11613m   33.186    0.0015      H  1                8467.26A   33.620    0.0040      He 1                1.03113m   33.123    0.0013
He 2                1.11613m   33.211    0.0016      H  1                8437.96A   33.554    0.0035      He 1                9515.00A   33.228    0.0016
He 2                1.11613m   33.089    0.0012      H  1                8413.32A   33.493    0.0030      He 1                9062.34A   33.078    0.0012
He 2                2.75620m   33.235    0.0017      H  1                8392.40A   33.439    0.0026      He 1                1.86854m   34.119    0.0127
He 2                3.28011m   33.123    0.0013      H  1                8374.48A   33.392    0.0024      He 1                1.27849m   33.781    0.0058
He 2                3.84958m   33.020    0.0010      H  1                4.05115m   34.777    0.0577      He 1                1.09130m   33.500    0.0030
He 2                14.2366m   33.437    0.0026      H  1                2.62515m   34.556    0.0347      He 1                1.00275m   33.299    0.0019
He 1                504.259A   36.487    2.9586      H  1                2.16553m   34.355    0.0219      He 1                9526.01A   33.124    0.0013
He 1                2599.69A   35.037    0.1049      H  1                1.94456m   34.179    0.0146      He 1                1.86972m   33.620    0.0040
He 1                3120.85A   34.524    0.0322      H  1                1.81741m   34.024    0.0102      He 1                1.27905m   33.290    0.0019
He 1                3421.00A   34.526    0.0323      H  1                1.73621m   33.885    0.0074      He 1                1.09171m   33.017    0.0010
He 1                3420.88A   35.003    0.0970      H  1                1.68065m   33.775    0.0057      He 1                1.90894m   33.040    0.0011
He 1                3420.88A   35.225    0.1617      H  1                1.64072m   33.669    0.0045      He 1                4.03663m   33.033    0.0010
He 1                3678.70A   34.803    0.0612      H  1                1.61093m   33.572    0.0036      He 1                4.04791m   33.383    0.0023
He 1                6632.16A   34.138    0.0132      H  1                1.58805m   33.483    0.0029      He 1                2.62337m   33.083    0.0012
He 1                7435.20A   33.713    0.0050      H  1                1.57007m   33.400    0.0024      Ca B                2945.10A   34.342    0.0212
He 1                7843.40A   34.753    0.0546      H  1                1.55565m   33.324    0.0020      Ca B                3187.74A   34.683    0.0464
He 1                8188.35A   34.520    0.0319      H  1                1.54389m   33.252    0.0017      Ca B                3613.64A   33.762    0.0056
He 1                8190.64A   34.030    0.0103      H  1                1.53418m   33.186    0.0015      Ca B                3888.64A   35.130    0.1302
He 1                8261.30A   34.137    0.0132      H  1                1.52605m   33.126    0.0013      Ca B                3964.73A   34.070    0.0113
He 1                1.24770m   33.592    0.0038      H  1                1.51919m   33.071    0.0011      Ca B                4026.20A   34.358    0.0220
He 1                1.35640m   33.201    0.0015      H  1                1.51332m   33.025    0.0010      Ca B                4120.82A   33.399    0.0024
He 1                1.40933m   34.258    0.0175      H  1                7.45782m   34.246    0.0170      Ca B                4387.93A   33.792    0.0060
He 1                1.45602m   34.152    0.0137      H  1                4.65251m   34.080    0.0116      Ca B                4471.49A   34.692    0.0475
He 1                1.45643m   33.660    0.0044      H  1                3.73954m   33.913    0.0079      Ca B                4713.16A   33.848    0.0068
He 1                1.45759m   33.785    0.0059      H  1                3.29609m   33.761    0.0056      Ca B                4921.93A   34.131    0.0130
He 1                1.45759m   33.308    0.0020      H  1                3.03837m   33.623    0.0040      Ca B                5015.68A   34.485    0.0294
He 1                1.46631m   33.670    0.0045      H  1                2.87221m   33.486    0.0029      Ca B                5047.74A   33.376    0.0023
He 1                2.01409m   33.205    0.0015      H  1                2.75752m   33.381    0.0023      Ca B                5875.64A   35.190    0.1492
He 1                2.21671m   33.894    0.0075      H  1                2.67440m   33.285    0.0019      Ca B                6678.15A   34.633    0.0414
He 1                2.27546m   33.830    0.0065      H  1                2.61194m   33.196    0.0015      Ca B                7065.22A   34.732    0.0521
He 1                2.27605m   33.337    0.0021      H  1                2.56363m   33.113    0.0013      Ca B                7281.35A   34.021    0.0101
He 1                2.27752m   33.608    0.0039      H  1                2.52540m   33.037    0.0010      Ca B                9463.58A   33.084    0.0012
He 1                2.27752m   33.131    0.0013      H  1                12.3685m   33.808    0.0062      Ca B                1.08303m   36.257    1.7429
He 1                2.27778m   33.104    0.0012      H  1                7.50045m   33.676    0.0046      Ca B                1.19691m   33.361    0.0022
He 1                2.28865m   33.319    0.0020      H  1                5.90660m   33.534    0.0033      Ca B                1.25275m   33.188    0.0015
He 1                3.20639m   33.610    0.0039      H  1                5.12726m   33.401    0.0024      Ca B                1.27849m   33.868    0.0071
He 1                3.27716m   33.564    0.0035      H  1                4.67124m   33.247    0.0017      Ca B                1.27905m   33.416    0.0025
He 1                3.27791m   33.068    0.0011      H  1                4.37526m   33.144    0.0013      Ca B                1.70025m   33.542    0.0034
He 1                3.27969m   33.395    0.0024      H  1                4.16966m   33.048    0.0011      Ca B                1.86854m   34.255    0.0173
He 1                3.28001m   33.062    0.0011      H  1                19.0567m   33.431    0.0026      Ca B                1.86972m   33.827    0.0065
He 1                3.29317m   33.041    0.0011      H  1                11.3056m   33.324    0.0020      Ca B                1.90894m   33.097    0.0012
He 1                4.46460m   34.004    0.0097      H  1                8.75768m   33.201    0.0015      Ca B                2.05813m   34.755    0.0549
He 1                5.83132m   33.833    0.0066      H  1                7.50606m   33.043    0.0011      Ca B                2.11202m   33.032    0.0010
He 1                7.38026m   33.681    0.0046      H  1                27.7958m   33.100    0.0012      Pho+                3889.00A   35.676    0.4568
He 1                9.11143m   33.545    0.0034      Ca A                303.784A   36.343    2.1249      extra Lyman....................................
He 1                11.0248m   33.422    0.0025      Ca A                256.317A   35.615    0.3974      database lines.................................
He 1                13.1205m   33.310    0.0020      Ca A                243.027A   35.184    0.1473      level 1 lines..................................
He 1                15.3983m   33.207    0.0016      Ca A                237.331A   34.875    0.0723      recombination..................................
He 1                17.8584m   33.111    0.0012      Ca A                234.347A   34.633    0.0414      level2 lines...................................
He 1                20.5007m   33.021    0.0010      Ca A                232.584A   34.432    0.0261      hyperfine structure............................
He 1                61.5933m   33.545    0.0034      Ca A                231.454A   34.262    0.0176      inner shell....................................
grains.........................................      Ca A                230.686A   34.112    0.0125      molecules......................................
H-like iso-sequence............................      Ca A                230.139A   33.980    0.0092      H2 l                2.00000m   35.225    0.1620
Cool                1215.67A   37.376   22.9251      Ca A                229.736A   33.860    0.0070      H2vH                      0    36.194    1.5083
Crst                960.000A   37.202   15.3375      Ca A                229.431A   33.752    0.0054      H2 v                      0    34.248    0.0171
LA X                1215.67A   34.432    0.0260      Ca A                229.194A   33.654    0.0043      H-FB                      0    34.963    0.0885
CION                      0    35.264    0.1772      Ca A                229.006A   33.564    0.0035      H-FF                      0    34.764    0.0560
Ca B                1215.67A   37.474   28.7473      Ca A                228.855A   33.482    0.0029      H-CT                6562.80A   34.592    0.0377
Q(H)                4861.32A   35.955    0.8684      Ca A                228.731A   33.407    0.0025      H- H                      0    33.899    0.0076
Q(H)                1215.67A   37.488   29.6614      Ca A                228.629A   33.339    0.0021      H2+                       0    34.620    0.0401
CaBo                4861.32A   35.937    0.8346      Ca A                228.543A   33.277    0.0018      HEH+                      0    33.256    0.0017
CaBo                1640.00A   35.475    0.2877      Ca A                228.471A   33.221    0.0016      bands..........................................
CaBo                4685.64A   34.645    0.0426      Ca A                228.409A   33.171    0.0014      miscellaneous..................................

                                                    Emergent line intensities
 Caution: emergent intensities are not reliable on the first iteration.
general properties.............................      H  1                1.58805m   33.483    0.0029      He 1                504.787A   33.241    0.0017
continua.......................................      H  1                1.57007m   33.400    0.0024      He 1                504.744A   33.291    0.0019
FIR                 83.0000m   34.904    0.0772      H  1                1.55565m   33.324    0.0020      He 1                504.706A   33.442    0.0027
TIR                 1800.00m   33.933    0.0083      H  1                1.54389m   33.252    0.0017      He 1                504.672A   33.974    0.0091
NIRa                2.85000m   36.714    4.9887      H  1                1.53418m   33.186    0.0015      He 1                1.08291m   34.670    0.0451
NIRb                3.00000m   36.542    3.3578      H  1                1.52605m   33.126    0.0013      He 1                1.08303m   35.414    0.2501
MIRa                15.0000m   35.645    0.4260      H  1                1.51919m   33.071    0.0011      He 1                1.08303m   35.800    0.6087
MIRb                22.5000m   35.688    0.4706      H  1                1.51332m   33.025    0.0010      Blnd                1.08302m   35.972    0.9038
NMIR                21.7500m   36.714    4.9887      H  1                7.45782m   34.246    0.0170      He 1                3888.64A   35.128    0.1294
TFIR                611.250m   34.476    0.0289      H  1                4.65251m   34.080    0.0116      He 1                3187.74A   34.687    0.0469
TALL                10000.0A   38.040  105.7056      H  1                3.73954m   33.913    0.0079      He 1                2945.10A   34.351    0.0216
F12                 12.0000m   35.147    0.1353      H  1                3.29609m   33.761    0.0056      He 1                2829.08A   34.079    0.0116
F25                 25.0000m   34.770    0.0568      H  1                3.03837m   33.623    0.0040      He 1                2760.44A   33.481    0.0029
F60                 60.0000m   34.604    0.0388      H  1                2.87221m   33.486    0.0030      He 1                2721.00A   33.330    0.0021
F100                100.000m   34.118    0.0127      H  1                2.75752m   33.381    0.0023      He 1                2694.61A   33.194    0.0015
MIPS                24.0000m   34.446    0.0269      H  1                2.67440m   33.285    0.0019      He 1                2676.05A   33.071    0.0011
MIPS                70.0000m   34.116    0.0126      H  1                2.61194m   33.196    0.0015      He 1                2.05813m   34.380    0.0231
MIPS                160.000m   33.722    0.0051      H  1                2.56363m   33.113    0.0013      He 1                5015.68A   34.435    0.0263
IRAC                3.60000m   35.172    0.1432      H  1                2.52540m   33.037    0.0010      He 1                3964.73A   34.025    0.0102
IRAC                4.50000m   35.295    0.1902      H  1                12.3685m   33.808    0.0062      He 1                3613.64A   33.710    0.0049
IRAC                5.80000m   35.028    0.1028      H  1                7.50045m   33.676    0.0046      He 1                3447.59A   33.440    0.0027
IRAC                8.00000m   35.143    0.1340      H  1                5.90660m   33.534    0.0033      He 1                7065.71A   33.797    0.0060
SPR1                250.000m   33.705    0.0049      H  1                5.12726m   33.401    0.0024      He 1                7065.22A   34.274    0.0181
SPR2                350.000m   33.590    0.0038      H  1                4.67124m   33.247    0.0017      He 1                7065.18A   34.496    0.0302
SPR3                500.000m   33.535    0.0033      H  1                4.37526m   33.144    0.0013      Blnd                7065.25A   34.751    0.0544
PAC1                70.0000m   34.174    0.0144      H  1                4.16966m   33.048    0.0011      He 1                5875.98A   34.175    0.0144
PAC2                100.000m   34.118    0.0127      H  1                19.0567m   33.431    0.0026      He 1                5875.64A   34.652    0.0433
PAC3                160.000m   34.004    0.0097      H  1                11.3056m   33.324    0.0020      He 1                5875.61A   34.874    0.0721
PAH                 3.30000m   34.399    0.0242      H  1                8.75768m   33.201    0.0015      Blnd                5875.66A   35.129    0.1298
PAHC                3.23000m   34.016    0.0100      H  1                7.50606m   33.043    0.0011      He 1                4713.16A   33.359    0.0022
PAHC                3.37000m   33.941    0.0084      H  1                27.7958m   33.100    0.0012      He 1                4713.14A   33.581    0.0037
PAH                 6.20000m   34.526    0.0323      He 2                303.784A   35.741    0.5315      Blnd                4713.17A   33.836    0.0066
PAHC                5.65000m   34.564    0.0353      He 2                256.317A   33.772    0.0057      He 1                4471.69A   33.705    0.0049
PAH                 7.90000m   34.803    0.0612      He 2                243.027A   33.653    0.0043      He 1                4471.49A   34.182    0.0147
PAHC                6.90000m   34.707    0.0491      He 2                237.331A   33.584    0.0037      He 1                4471.47A   34.404    0.0245
PAH                 11.3000m   33.999    0.0096      He 2                234.347A   33.538    0.0033      Blnd                4471.50A   34.660    0.0440
PAHC                10.9000m   33.944    0.0085      He 2                232.584A   33.487    0.0030      He 1                4120.81A   33.123    0.0013
PAH                 11.8000m   34.083    0.0117      He 2                231.454A   33.450    0.0027      Blnd                4120.84A   33.378    0.0023
PAHC                12.6500m   34.279    0.0183      He 2                230.686A   33.419    0.0025      He 1                4026.36A   33.378    0.0023
PAH                 13.3000m   34.064    0.0112      He 2                230.139A   33.392    0.0024      He 1                4026.20A   33.855    0.0069
PAHC                14.1000m   34.028    0.0103      He 2                229.736A   33.322    0.0020      He 1                4026.19A   34.077    0.0115
Bcon                3640.00A   37.982   92.5724      He 2                229.431A   33.311    0.0020      Blnd                4026.21A   34.332    0.0207
Pcon                5000.00A   36.955    8.6955      He 2                229.194A   33.301    0.0019      He 1                3819.76A   33.109    0.0012
O3bn                5007.00A   35.049    0.1079      He 2                229.006A   33.291    0.0019      He 1                3819.61A   33.586    0.0037
RRC............................................      He 2                228.855A   33.282    0.0018      He 1                3819.60A   33.808    0.0062
grains.........................................      He 2                228.731A   33.274    0.0018      Blnd                3819.62A   34.063    0.0112
H-like iso-sequence............................      He 2                228.629A   33.265    0.0018      He 1                3704.90A   33.161    0.0014
H  1                1215.67A   37.855   69.0782      He 2                228.543A   33.258    0.0017      He 1                3704.76A   33.638    0.0042
H  1                1025.72A   34.130    0.0130      He 2                228.471A   33.251    0.0017      He 1                3704.75A   33.860    0.0070
H  1                972.537A   34.010    0.0099      He 2                228.409A   33.247    0.0017      Blnd                3704.77A   34.115    0.0126
H  1                949.743A   33.955    0.0087      He 2                228.356A   33.247    0.0017      He 1                3634.08A   33.472    0.0029
H  1                937.803A   33.897    0.0076      He 2                1640.41A   35.447    0.2702      He 1                3634.07A   33.694    0.0048
H  1                930.748A   33.865    0.0071      He 2                1215.13A   34.976    0.0912      Blnd                3634.09A   33.950    0.0086
H  1                926.226A   33.836    0.0066      He 2                1084.94A   34.640    0.0421      He 1                3587.16A   33.327    0.0020
H  1                923.150A   33.808    0.0062      He 2                1025.27A   34.382    0.0233      He 1                3587.15A   33.549    0.0034
H  1                920.963A   33.781    0.0058      He 2                992.358A   34.174    0.0144      Blnd                3587.17A   33.805    0.0061
H  1                919.351A   33.740    0.0053      He 2                972.106A   33.998    0.0096      He 1                3554.34A   33.198    0.0015
H  1                918.129A   33.723    0.0051      He 2                958.693A   33.848    0.0068      He 1                3554.33A   33.420    0.0025
H  1                917.181A   33.707    0.0049      He 2                949.323A   33.715    0.0050      Blnd                3554.35A   33.675    0.0046
H  1                916.429A   33.693    0.0048      He 2                942.507A   33.840    0.0067      He 1                3530.44A   33.079    0.0012
H  1                915.824A   33.680    0.0046      He 2                937.389A   33.745    0.0054      He 1                3530.43A   33.301    0.0019
H  1                915.329A   33.669    0.0045      He 2                933.444A   33.658    0.0044      Blnd                3530.44A   33.556    0.0035
H  1                914.919A   33.660    0.0044      He 2                930.337A   33.578    0.0036      He 1                3512.46A   33.194    0.0015
H  1                914.576A   33.651    0.0043      He 2                927.846A   33.504    0.0031      Blnd                3512.48A   33.449    0.0027
H  1                914.286A   33.645    0.0043      He 2                925.816A   33.434    0.0026      He 1                3498.60A   33.095    0.0012
H  1                914.039A   33.642    0.0042      He 2                924.142A   33.370    0.0023      Blnd                3498.62A   33.350    0.0022
H  1                913.826A   33.644    0.0042      He 2                922.743A   33.311    0.0020      Blnd                3487.70A   33.258    0.0017
H  1                6562.80A   36.481    2.9199      He 2                921.562A   33.257    0.0017      Blnd                3478.95A   33.173    0.0014
H  1                4861.32A   36.016    1.0000      He 2                920.556A   33.209    0.0016      Blnd                3471.81A   33.094    0.0012
H  1                4340.46A   35.688    0.4699      He 2                919.693A   33.168    0.0014      Blnd                3465.92A   33.019    0.0010
H  1                4101.73A   35.410    0.2476      He 2                4685.68A   34.563    0.0353      He 1                3439.98A   33.137    0.0013
H  1                3970.07A   35.197    0.1519      He 2                3203.08A   34.241    0.0168      Blnd                3440.00A   33.392    0.0024
H  1                3889.05A   35.016    0.1001      He 2                2733.28A   33.978    0.0092      He 1                7281.35A   33.987    0.0094
H  1                3835.38A   34.859    0.0697      He 2                2511.19A   33.763    0.0056      He 1                6678.15A   34.521    0.0320
H  1                3797.90A   34.721    0.0507      He 2                2385.39A   33.582    0.0037      He 1                5047.74A   33.331    0.0021
H  1                3770.63A   34.659    0.0440      He 2                2306.18A   33.426    0.0026      He 1                4921.93A   34.075    0.0115
H  1                3750.15A   34.553    0.0344      He 2                2252.67A   33.289    0.0019      He 1                4387.93A   33.752    0.0054
H  1                3734.37A   34.455    0.0275      He 2                2214.65A   33.325    0.0020      He 1                4143.76A   33.486    0.0030
H  1                3721.94A   34.366    0.0224      He 2                2186.59A   33.231    0.0016      He 1                4009.05A   33.478    0.0029
H  1                3711.97A   34.282    0.0185      He 2                2165.23A   33.144    0.0013      He 1                3926.41A   33.311    0.0020
H  1                3703.85A   34.205    0.0155      He 2                2148.58A   33.064    0.0011      He 1                3871.69A   33.164    0.0014
H  1                3697.15A   34.134    0.0131      He 2                1.01235m   33.948    0.0086      He 1                3833.48A   33.034    0.0010
H  1                3691.55A   34.068    0.0113      He 2                6560.01A   33.710    0.0049      He 1                4.29471m   33.242    0.0017
H  1                3686.83A   34.007    0.0098      He 2                5411.45A   33.496    0.0030      He 1                1.25275m   33.235    0.0017
H  1                3682.81A   33.952    0.0086      He 2                4859.26A   33.312    0.0020      He 1                9463.58A   33.116    0.0013
H  1                3679.35A   33.906    0.0078      He 2                4541.54A   33.153    0.0014      He 1                2.11202m   33.020    0.0010
H  1                1.87510m   35.447    0.2701      He 2                1.86365m   33.446    0.0027      He 1                1.70025m   33.509    0.0031
H  1                1.28181m   35.160    0.1394      He 2                1.16262m   33.268    0.0018      He 1                1.19691m   33.336    0.0021
H  1                1.09381m   34.900    0.0767      He 2                9344.80A   33.092    0.0012      He 1                1.03113m   33.123    0.0013
H  1                1.00494m   34.693    0.0475      He 2                3.09080m   33.018    0.0010      He 1                9515.00A   33.228    0.0016
H  1                9545.97A   34.514    0.0315      He-like iso-sequence...........................      He 1                9062.34A   33.078    0.0012
H  1                9229.02A   34.358    0.0220      He 1                584.334A   35.321    0.2021      He 1                1.86854m   34.119    0.0127
H  1                9014.91A   34.219    0.0160      He 1                537.030A   34.177    0.0145      He 1                1.27849m   33.781    0.0058
H  1                8862.79A   34.144    0.0134      He 1                522.213A   34.012    0.0099      He 1                1.09130m   33.500    0.0030
H  1                8750.48A   34.038    0.0105      He 1                515.617A   33.913    0.0079      He 1                1.00275m   33.299    0.0019
H  1                8665.02A   33.941    0.0084      He 1                512.099A   33.833    0.0066      He 1                9526.01A   33.124    0.0013
H  1                8598.40A   33.851    0.0068      He 1                625.563A   35.228    0.1630      He 1                1.86972m   33.620    0.0040
H  1                8545.39A   33.768    0.0057      He 1                510.018A   33.738    0.0053      He 1                1.27905m   33.290    0.0019
H  1                8502.49A   33.691    0.0047      He 1                508.657A   33.705    0.0049      He 1                1.09171m   33.017    0.0010
H  1                8467.26A   33.620    0.0040      He 1                507.727A   33.674    0.0045      He 1                1.90894m   33.040    0.0011
H  1                8437.96A   33.554    0.0035      He 1                507.065A   33.644    0.0043      He 1                4.03663m   33.033    0.0010
H  1                8413.32A   33.493    0.0030      He 1                506.576A   33.616    0.0040      He 1                4.04791m   33.383    0.0023
H  1                8392.40A   33.439    0.0026      He 1                506.204A   33.587    0.0037      He 1                2.62337m   33.083    0.0012
H  1                8374.48A   33.392    0.0024      He 1                505.916A   33.557    0.0035      extra Lyman....................................
H  1                4.05115m   34.777    0.0577      He 1                505.687A   33.527    0.0032      database lines.................................
H  1                2.62515m   34.556    0.0347      He 1                505.502A   33.496    0.0030      level 1 lines..................................
H  1                2.16553m   34.355    0.0219      He 1                505.352A   33.466    0.0028      recombination..................................
H  1                1.94456m   34.179    0.0146      He 1                505.227A   33.436    0.0026      level2 lines...................................
H  1                1.81741m   34.024    0.0102      He 1                505.122A   33.406    0.0025      hyperfine structure............................
H  1                1.73621m   33.885    0.0074      He 1                505.033A   33.378    0.0023      inner shell....................................
H  1                1.68065m   33.775    0.0057      He 1                504.958A   33.292    0.0019      molecules......................................
H  1                1.64072m   33.669    0.0045      He 1                504.893A   33.283    0.0019      bands..........................................
H  1                1.61093m   33.572    0.0036      He 1                504.836A   33.293    0.0019      miscellaneous..................................



 
 Cooling:  H  1c                     0 :0.878  
 Heating:  BFH1                      0 :0.788 BFHe                      0 :0.174  

 These are some of the most important databases used by Cloudy:
 Many recombination coefficients were taken from http://amdpp.phys.strath.ac.uk/tamoc/RR/ and http://amdpp.phys.strath.ac.uk/tamoc/DR/
      and are based on the following papers:
        Badnell N. R., et al., A&A 406, 1151 (2003) [http://adsabs.harvard.edu/abs/2003A%26A...406.1151B]
        Badnell N. R., ApJS 167, 334 (2006) [http://adsabs.harvard.edu/abs/2006ApJS..167..334B]
 Much of the molecular emission data is from LAMDA as accessed on June 30, 2015. This database is described in:
        Schoeier F.L., et al., A&A 432, 369 (2005) [http://adsabs.harvard.edu/abs/2005A%26A...432..369S]
      This database is in part based on the work of the following groups:
        JPL: Pickett H. M. et al., JQSRT, 60, 883 (1998). [http://adsabs.harvard.edu/abs/1998JQSRT..60..883P]
        CDMS: Mueller H. S. et al., A&A 370, L49 (2001). [http://adsabs.harvard.edu/abs/2001A%26A...370L..49M]
              Mueller H. S. et al., J. Mol. Struct. 742, 215 (2005). [http://adsabs.harvard.edu/abs/2005JMoSt.742..215M]
 Some of the ionic emission data is from version 10.0.1 of CHIANTI. CHIANTI is a collaborative project involving the NRL (USA), the
      Universities of Florence (Italy) and Cambridge (UK), and George Mason University (USA). These papers describe Chianti:
        Dere K. P., et al., A&AS, 125, 149 (1997) [http://adsabs.harvard.edu/abs/1997A%26AS..125..149D]
        Landi E., et al., ApJ, 744, 99 (2012) [http://adsabs.harvard.edu/abs/2012ApJ...744...99L]
 Much of the H_2 data is from this web site: http://molat.obspm.fr/index.php?page=pages/Molecules/H2/H2can94.php. These data are
      described in:
        Abgrall H. et al., Can. J. Phys., 72, 856 (1994) [http://adsabs.harvard.edu/abs/1994CaJPh..72..856A]
        Wrathmall S. A. & Flower D. R., J. Phys. B, 40, 3221 (2007) [http://adsabs.harvard.edu/abs/2007JPhB...40.3221W]
 The Case A and Case B recombination predictions for one-electron systems are from
	Storey, P.J. & Hummer, D.G., 1995, MNRAS 272, 41 http://adsabs.harvard.edu/abs/1995MNRAS.272...41S
 The He I recombination predictions are from
	Porter, R. L.; Ferland, G. J.; Storey, P. J.; Detisch, M. J., 2012, MNRAS, 425, 28p http://adsabs.harvard.edu/abs/2012MNRAS.425L..28P
		http://adsabs.harvard.edu/abs/2013MNRAS.433L..89P

 If you find some process or data set to be particularly critical to a result, please follow the trail of references back to the
 original source and cite that.  This will support and encourage atomic, molecular, and chemical physicists to continue their
 valuable work.

 IONIZE PARMET:  U(1-) -4.3012  U(4-): -5.5344  U(sp): -4.30  Q(ion):    2.130  L(ion) -6.780    Q(low): 49.712    L(low) 38.036
 ENERGY BUDGET:  Heat:  37.655  Coolg:  37.655  Error:  0.1%  Rec Lin:  37.065  F-F  H  0.000    P(rad/tot)max     8.25E-04    R(F Con):1.737e+05

     Col(Heff):      5.688E+22  snd travl time  5.16E+12 sec  Te-low: 2.05E+03  Te-hi: 1.17E+04  G0TH85: 4.65E+02  G0DB96:7.60E+02
  Emiss Measure    n(e)n(p) dl       6.078E+23  n(e)n(He+)dl         6.263E+22  En(e)n(He++) dl         2.625E+21  ne nC+:0.00E+00
 He/Ha:9.86E-02  =   1.20*true  Lthin:1.13E+02  itr/zn: 6.21  H2 itr/zn:  0.00  File Opacity: F  MassTot 7.19e+37  (gm)
   Temps(21 cm)   T(21cm/Ly a)  4.62E+03        T(<nH/Tkin>)  5.94E+03          T(<nH/Tspin>)    5.00E+03          TB21cm:4.38E+03
                   N(H0/Tspin)  6.55E+19        N(OH/Tkin)    0.00E+00          B(21cm)          0.00E+00
   <a>:3.18E-07  erdeFe0.0E+00  Tcompt7.40E+07  Tthr1.46E+14  <Tden>: 6.08E+03  <dens>:2.22E-19  <MolWgt>1.24E+00
     Mean Jeans  l(cm)9.31E+18  M(sun)4.72E+04  smallest:     len(cm):5.41E+18  M(sun):9.26E+03  a_ox tran:  0.00
 Rion:1.000E+18  Dist:0.00E+00  Diam:0.000E+00
 Hatom level 70  HatomType: add  HInducImp  F  He tot level: 63  He2 level:   70  ExecTime    59.2
 ConvrgError(%)  <eden>  0.149  MaxEden  0.940  <H-C>   0.16  Max(H-C)    0.50  <Press>   0.000  MaxPrs er  0.000
  Continuity(%)  chng Te 159.8  elec den 148.7  n(H2)    0.0  n(CO)        0.0

                                                        Averaged Quantities
             Te      Te(Ne)   Te(NeNp)  Te(NeHe+)Te(NeHe2+) Te(NeO+)  Te(NeO2+)  Te(H2)     N(H)     Ne(O2+)   Ne(Np)
 Radius:  6.08e+03  9.89e+03  1.10e+04  1.09e+04  1.09e+04  0.00e+00  0.00e+00  5.30e+03  1.00e+05  0.00e+00  5.08e+04
   Area:  5.88e+03  9.45e+03  1.10e+04  1.09e+04  1.09e+04  0.00e+00  0.00e+00  4.76e+03  1.00e+05  0.00e+00  4.42e+04
 Volume:  5.71e+03  8.61e+03  1.10e+04  1.09e+04  1.09e+04  0.00e+00  0.00e+00  4.34e+03  1.00e+05  0.00e+00  3.29e+04
 
 Peimbert T(OIIIr)0.00E+00 T(Bac)1.49E+04 T(Hth)1.10E+04 t2(Hstrc) 2.47e-03 T(O3-BAC)7.86E+03 t2(O3-BC)-2.32e-01 t2(O3str) 0.00e+00

 Contin Optical Depths: COMP: 8.90e-06    H-: 4.53e-04 R(1300): 2.20e+00  H2+: 4.47e-06  Bra:4.49E-06
                          Pa: 5.23e-06    Ba: 2.66e-04      Hb: 3.57e-04   La: 2.71e+03     1r:5.108E+07  1.8:1.21E+07 4.:1.759E+06

 Old, new H  1 continuum optical depths:
     1 1.00e+08     2 0.00e+00     3 0.00e+00     4 0.00e+00     5 0.00e+00     6 0.00e+00     7 0.00e+00     8 0.00e+00
     9 0.00e+00    10 0.00e+00    11 0.00e+00    12 0.00e+00    13 0.00e+00    14 0.00e+00    15 0.00e+00    16 0.00e+00
    17 0.00e+00    18 0.00e+00    19 0.00e+00    20 0.00e+00    21 0.00e+00    22 0.00e+00    23 0.00e+00    24 0.00e+00
    25 0.00e+00    26 0.00e+00    27 0.00e+00    28 0.00e+00    29 0.00e+00    30 0.00e+00    31 0.00e+00    32 0.00e+00
    33 0.00e+00    34 0.00e+00    35 0.00e+00    36 0.00e+00    37 0.00e+00    38 0.00e+00    39 0.00e+00    40 0.00e+00
    41 0.00e+00    42 0.00e+00    43 0.00e+00    44 0.00e+00    45 0.00e+00    46 0.00e+00    47 0.00e+00    48 0.00e+00
    49 0.00e+00    50 0.00e+00    51 0.00e+00    52 0.00e+00    53 0.00e+00    54 0.00e+00
     1 5.11e+07     2 1.17e-04     3 2.28e-04     4 2.28e-04     5 2.28e-04     6 5.90e-05     7 5.90e-05     8 5.90e-05
     9 5.90e-05    10 6.13e-13    11 6.13e-13    12 6.13e-13    13 6.13e-13    14 6.13e-13    15 1.38e-12    16 1.38e-12
    17 1.38e-12    18 1.38e-12    19 1.38e-12    20 1.38e-12    21 2.79e-12    22 2.79e-12    23 2.79e-12    24 2.79e-12
    25 2.79e-12    26 2.79e-12    27 2.79e-12    28 5.18e-12    29 5.18e-12    30 5.18e-12    31 5.18e-12    32 5.18e-12
    33 5.18e-12    34 5.18e-12    35 5.18e-12    36 9.07e-12    37 9.07e-12    38 9.07e-12    39 9.07e-12    40 9.07e-12
    41 9.07e-12    42 9.07e-12    43 9.07e-12    44 9.07e-12    45 1.50e-11    46 1.50e-11    47 1.50e-11    48 1.50e-11
    49 1.50e-11    50 1.50e-11    51 1.50e-11    52 1.50e-11    53 1.50e-11    54 1.50e-11

 Old, new H  1 mean line optical depths:
  2- 1 1.64e+20  3- 2 6.10e-02  4- 3 0.00e+00  5- 4 0.00e+00  6- 5 0.00e+00  7- 6 0.00e+00  8- 7 0.00e+00
  9- 8 0.00e+00 10- 9 0.00e+00 11-10 0.00e+00 12-11 0.00e+00 13-12 0.00e+00 14-13 0.00e+00 15-14 0.00e+00 16-15 0.00e+00
 17-16 0.00e+00 18-17 0.00e+00 19-18 0.00e+00 20-19 0.00e+00 21-20 0.00e+00 22-21 0.00e+00 23-22 0.00e+00 24-23 0.00e+00
 25-24 0.00e+00
  2- 1 4.43e+10  3- 2 1.46e-01  4- 3 4.47e-09  5- 4 2.58e-09  6- 5 2.36e-09  7- 6 6.15e-10  8- 7 2.23e-09
  9- 8 7.21e-09 10- 9 1.68e-08 11-10 2.22e-07 12-11-8.21e-08 13-12-1.33e-07 14-13-2.13e-07 15-14-3.33e-07 16-15-5.21e-07
 17-16-8.22e-07 18-17-1.32e-06 19-18-2.24e-06 20-19-3.97e-06 21-20-7.70e-06 22-21-1.72e-05 23-22-5.03e-05 24-23-2.42e-04
 25-24-3.24e-03

 Old, new He 2 continuum optical depths:
     1 3.43e+06     2 9.96e+07     3 0.00e+00     4 0.00e+00     5 0.00e+00     6 0.00e+00     7 0.00e+00     8 0.00e+00
     9 0.00e+00    10 0.00e+00    11 0.00e+00    12 0.00e+00    13 0.00e+00    14 0.00e+00    15 0.00e+00    16 0.00e+00
    17 0.00e+00    18 0.00e+00    19 0.00e+00    20 0.00e+00    21 0.00e+00    22 0.00e+00    23 0.00e+00    24 0.00e+00
    25 0.00e+00    26 0.00e+00    27 0.00e+00    28 0.00e+00    29 0.00e+00    30 0.00e+00    31 0.00e+00    32 0.00e+00
    33 0.00e+00    34 0.00e+00    35 0.00e+00    36 0.00e+00    37 0.00e+00    38 0.00e+00    39 0.00e+00    40 0.00e+00
    41 0.00e+00    42 0.00e+00    43 0.00e+00    44 0.00e+00    45 0.00e+00    46 0.00e+00    47 0.00e+00    48 0.00e+00
    49 0.00e+00    50 0.00e+00    51 0.00e+00    52 0.00e+00    53 0.00e+00    54 0.00e+00
     1 1.76e+06     2 5.08e+07     3 6.87e-05     4 6.87e-05     5 6.87e-05     6 1.17e-04     7 1.17e-04     8 1.17e-04
     9 1.17e-04    10 1.85e-04    11 1.85e-04    12 1.85e-04    13 1.85e-04    14 1.85e-04    15 2.28e-04    16 2.28e-04
    17 2.28e-04    18 2.28e-04    19 2.28e-04    20 2.28e-04    21 1.92e-04    22 1.92e-04    23 1.92e-04    24 1.92e-04
    25 1.92e-04    26 1.92e-04    27 1.92e-04    28 5.90e-05    29 5.90e-05    30 5.90e-05    31 5.90e-05    32 5.90e-05
    33 5.90e-05    34 5.90e-05    35 5.90e-05    36 3.55e-13    37 3.55e-13    38 3.55e-13    39 3.55e-13    40 3.55e-13
    41 3.55e-13    42 3.55e-13    43 3.55e-13    44 3.55e-13    45 6.13e-13    46 6.13e-13    47 6.13e-13    48 6.13e-13
    49 6.13e-13    50 6.13e-13    51 6.13e-13    52 6.13e-13    53 6.13e-13    54 6.13e-13

 Old, new He 2 mean line optical depths:
  2- 1 1.35e+19  3- 2 5.02e-03  4- 3 0.00e+00  5- 4 0.00e+00  6- 5 0.00e+00  7- 6 0.00e+00  8- 7 0.00e+00
  9- 8 0.00e+00 10- 9 0.00e+00 11-10 0.00e+00 12-11 0.00e+00 13-12 0.00e+00 14-13 0.00e+00 15-14 0.00e+00 16-15 0.00e+00
 17-16 0.00e+00 18-17 0.00e+00 19-18 0.00e+00 20-19 0.00e+00 21-20 0.00e+00 22-21 0.00e+00 23-22 0.00e+00 24-23 0.00e+00
 25-24 0.00e+00
  2- 1 6.77e+04  3- 2 5.78e-07  4- 3 1.34e-12  5- 4-1.88e-12  6- 5-6.37e-12  7- 6-1.04e-11  8- 7-1.09e-11
  9- 8-4.47e-12 10- 9 9.94e-12 11-10 5.52e-10 12-11-2.59e-10 13-12-4.08e-10 14-13-6.43e-10 15-14-9.76e-10 16-15-1.47e-09
 17-16-2.21e-09 18-17-3.36e-09 19-18-5.12e-09 20-19-8.51e-09 21-20-1.48e-08 22-21-2.84e-08 23-22-6.40e-08 24-23-1.97e-07
 25-24-7.05e-06

 Old He Is optical depths:    1 2.36e+07    2 0.00e+00    3 0.00e+00    4 0.00e+00    5 0.00e+00
 New He Is optical depths:    1 1.21e+07    2 9.33e-05    3 9.69e-05    4 1.08e-04    5 1.08e-04
          Old He Is Lines:  584 0.00e+00 3889 0.00e+00 5016 0.00e+00 5876 0.00e+00
          New He Is Lines:  584 2.31e+09 3889 6.32e-01 5016 7.03e-05 5876 4.84e-08

==== H      compounds ====           Log10 column densities [cm^-2]
   H2        : 15.472   H2*       : 14.543   H2+       : 11.806   H3+       :  6.516
==== He     compounds ====
   HeH+      : 12.492
==== Li     compounds ====
   LiH       :  1.090   LiH+      :  0.302


               1      2      3      4      5      6      7      8      9     10     11     12     13     14     15     16     17

 Hydrogen   23.516 19.078 15.520 (H2)                Log10 Column density (cm^-2)
 Helium     22.431 18.119 16.671
 Lithium     8.112 13.720  4.768-30.000
 Beryllium   2.987  7.516  2.498 -1.614-30.000
 Exc state                  He[2] 12.792                 C+[2]-35.930                  C[1]-35.930                  C[2]-35.930
                             C[3]-35.930                  O[1]-35.930                  O[2]-35.930                  O[3]-35.930
                           Si+[1]-35.930                C+2[2]-35.930                C+2[3]-35.930                C+2[4]-35.930


 Hydrogen   -0.000 -5.145 -7.602 (H2)                 Log10 Mean Ionisation (over volume)
 Helium     -0.000 -5.208 -6.655
 Lithium    -5.703 -0.000 -9.847
 Beryllium  -5.029 -0.000 -5.913-10.025

               1      2      3      4      5      6      7      8      9     10     11     12     13     14     15     16     17

 Hydrogen   -0.000 -4.799 -7.652 (H2)                 Log10 Mean Ionisation (over area)
 Helium     -0.000 -4.734 -6.181
 Lithium    -5.672 -0.000 -9.373
 Beryllium  -4.815 -0.000 -5.439 -9.551

               1      2      3      4      5      6      7      8      9     10     11     12     13     14     15     16     17

 Hydrogen   -0.000 -4.438 -7.695 (H2)                 Log10 Mean Ionisation (over radius)
 Helium     -0.000 -4.312 -5.760
 Lithium    -5.608 -0.000 -8.952
 Beryllium  -4.529 -0.000 -5.017 -9.130

               1      2      3      4      5      6      7      8      9     10     11     12     13     14     15     16     17

 Hydrogen   -0.158 -0.515 -7.788 (H2)         Log10 Mean Ionisation (over volume*electron density)
 Helium     -0.220 -0.418 -1.796
 Lithium    -2.880 -0.001 -4.890
 Beryllium  -0.694 -0.134 -1.203 -6.405

               1      2      3      4      5      6      7      8      9     10     11     12     13     14     15     16     17

 Hydrogen   -0.222 -0.397 -7.801 (H2)         Log10 Mean Ionisation (over area*electron density)
 Helium     -0.321 -0.300 -1.677
 Lithium    -2.762 -0.001 -4.771
 Beryllium  -0.575 -0.186 -1.084 -6.287

               1      2      3      4      5      6      7      8      9     10     11     12     13     14     15     16     17

 Hydrogen   -0.263 -0.343 -7.805 (H2)         Log10 Mean Ionisation (over radius*electron density)
 Helium     -0.390 -0.245 -1.623
 Lithium    -2.707 -0.001 -4.717
 Beryllium  -0.521 -0.218 -1.030 -6.233

               1      2      3      4      5      6      7      8      9     10     11     12     13     14     15     16     17

 Hydrogen    3.757  3.929  3.638 (H2)                  Log10 Mean Temperature (over volume)
 Helium      3.757  4.009  4.020
 Lithium     3.770  3.757  4.033
 Beryllium   3.858  3.757  3.981  3.907

               1      2      3      4      5      6      7      8      9     10     11     12     13     14     15     16     17

 Hydrogen    3.769  3.972  3.678 (H2)                  Log10 Mean Temperature (over area)
 Helium      3.769  4.009  4.020
 Lithium     3.792  3.769  4.033
 Beryllium   3.925  3.769  3.981  3.907

               1      2      3      4      5      6      7      8      9     10     11     12     13     14     15     16     17

 Hydrogen    3.784  3.994  3.724 (H2)                  Log10 Mean Temperature (over radius)
 Helium      3.784  4.009  4.020
 Lithium     3.824  3.784  4.033
 Beryllium   3.970  3.784  3.981  3.907

               1      2      3      4      5      6      7      8      9     10     11     12     13     14     15     16     17

 Hydrogen    3.877  4.043  3.818 (H2)          Log10 Mean Temperature (over volume*electron density)
 Helium      3.853  4.036  4.039
 Lithium     4.017  3.935  4.051
 Beryllium   4.040  3.890  4.042  3.989

               1      2      3      4      5      6      7      8      9     10     11     12     13     14     15     16     17

 Hydrogen    3.923  4.043  3.844 (H2)          Log10 Mean Temperature (over area*electron density)
 Helium      3.898  4.036  4.039
 Lithium     4.017  3.975  4.051
 Beryllium   4.040  3.936  4.042  3.989

               1      2      3      4      5      6      7      8      9     10     11     12     13     14     15     16     17

 Hydrogen    3.951  4.043  3.855 (H2)          Log10 Mean Temperature (over radius*electron density)
 Helium      3.929  4.036  4.039
 Lithium     4.017  3.995  4.051
 Beryllium   4.040  3.963  4.042  3.989

               1      2      3      4      5      6      7      8      9     10     11     12     13     14     15     16     17


---------------Convergence statistics---------------
      2.45 mean iterations/state convergence
      2.56 mean cx acceleration loops/iteration
      2.33 mean iso convergence loops/ion solve
         1 mean steps/chemistry solve
         1 mean step length searches/chemistry step
----------------------------------------------------

 Cloudy ends: 458 zones, 1 iteration, 4 cautions. (single thread) ExecTime(s) 59.15
 [Stop in cdMain at maincl.cpp:593, Cloudy exited OK]
